<?xml version="1.0" encoding="UTF-8"?>
<testsuite xmlns:xsi="http://www.w3.org/2001/XMLSchema-instance" xsi:noNamespaceSchemaLocation="https://maven.apache.org/surefire/maven-surefire-plugin/xsd/surefire-test-report.xsd" version="3.0.2" name="br.com.fiap.read_easy_api.ReadEasyApiApplicationTests" time="8.312" tests="1" errors="0" skipped="0" failures="0">
  <properties>
    <property name="java.specification.version" value="18"/>
    <property name="sun.cpu.isalist" value="amd64"/>
    <property name="sun.jnu.encoding" value="Cp1252"/>
    <property name="java.class.path" value="D:\read-easy-api\target\test-classes;D:\read-easy-api\target\classes;C:\Users\labsfiap\.m2\repository\org\springframework\boot\spring-boot-starter-web\3.4.3\spring-boot-starter-web-3.4.3.jar;C:\Users\labsfiap\.m2\repository\org\springframework\boot\spring-boot-starter\3.4.3\spring-boot-starter-3.4.3.jar;C:\Users\labsfiap\.m2\repository\org\springframework\boot\spring-boot-starter-logging\3.4.3\spring-boot-starter-logging-3.4.3.jar;C:\Users\labsfiap\.m2\repository\ch\qos\logback\logback-classic\1.5.16\logback-classic-1.5.16.jar;C:\Users\labsfiap\.m2\repository\ch\qos\logback\logback-core\1.5.16\logback-core-1.5.16.jar;C:\Users\labsfiap\.m2\repository\org\apache\logging\log4j\log4j-to-slf4j\2.24.3\log4j-to-slf4j-2.24.3.jar;C:\Users\labsfiap\.m2\repository\org\apache\logging\log4j\log4j-api\2.24.3\log4j-api-2.24.3.jar;C:\Users\labsfiap\.m2\repository\org\slf4j\jul-to-slf4j\2.0.16\jul-to-slf4j-2.0.16.jar;C:\Users\labsfiap\.m2\repository\jakarta\annotation\jakarta.annotation-api\2.1.1\jakarta.annotation-api-2.1.1.jar;C:\Users\labsfiap\.m2\repository\org\yaml\snakeyaml\2.3\snakeyaml-2.3.jar;C:\Users\labsfiap\.m2\repository\org\springframework\boot\spring-boot-starter-json\3.4.3\spring-boot-starter-json-3.4.3.jar;C:\Users\labsfiap\.m2\repository\com\fasterxml\jackson\datatype\jackson-datatype-jdk8\2.18.2\jackson-datatype-jdk8-2.18.2.jar;C:\Users\labsfiap\.m2\repository\com\fasterxml\jackson\datatype\jackson-datatype-jsr310\2.18.2\jackson-datatype-jsr310-2.18.2.jar;C:\Users\labsfiap\.m2\repository\com\fasterxml\jackson\module\jackson-module-parameter-names\2.18.2\jackson-module-parameter-names-2.18.2.jar;C:\Users\labsfiap\.m2\repository\org\springframework\boot\spring-boot-starter-tomcat\3.4.3\spring-boot-starter-tomcat-3.4.3.jar;C:\Users\labsfiap\.m2\repository\org\apache\tomcat\embed\tomcat-embed-core\10.1.36\tomcat-embed-core-10.1.36.jar;C:\Users\labsfiap\.m2\repository\org\apache\tomcat\embed\tomcat-embed-websocket\10.1.36\tomcat-embed-websocket-10.1.36.jar;C:\Users\labsfiap\.m2\repository\org\springframework\spring-web\6.2.3\spring-web-6.2.3.jar;C:\Users\labsfiap\.m2\repository\org\springframework\spring-beans\6.2.3\spring-beans-6.2.3.jar;C:\Users\labsfiap\.m2\repository\io\micrometer\micrometer-observation\1.14.4\micrometer-observation-1.14.4.jar;C:\Users\labsfiap\.m2\repository\io\micrometer\micrometer-commons\1.14.4\micrometer-commons-1.14.4.jar;C:\Users\labsfiap\.m2\repository\org\springframework\spring-webmvc\6.2.3\spring-webmvc-6.2.3.jar;C:\Users\labsfiap\.m2\repository\org\springframework\spring-context\6.2.3\spring-context-6.2.3.jar;C:\Users\labsfiap\.m2\repository\org\springframework\spring-expression\6.2.3\spring-expression-6.2.3.jar;C:\Users\labsfiap\.m2\repository\com\auth0\java-jwt\4.5.0\java-jwt-4.5.0.jar;C:\Users\labsfiap\.m2\repository\com\fasterxml\jackson\core\jackson-core\2.18.2\jackson-core-2.18.2.jar;C:\Users\labsfiap\.m2\repository\com\fasterxml\jackson\core\jackson-databind\2.18.2\jackson-databind-2.18.2.jar;C:\Users\labsfiap\.m2\repository\com\fasterxml\jackson\core\jackson-annotations\2.18.2\jackson-annotations-2.18.2.jar;C:\Users\labsfiap\.m2\repository\org\springframework\ai\spring-ai-starter-model-openai\1.0.0-M8\spring-ai-starter-model-openai-1.0.0-M8.jar;C:\Users\labsfiap\.m2\repository\org\springframework\ai\spring-ai-autoconfigure-model-openai\1.0.0-M8\spring-ai-autoconfigure-model-openai-1.0.0-M8.jar;C:\Users\labsfiap\.m2\repository\org\springframework\ai\spring-ai-autoconfigure-model-tool\1.0.0-M8\spring-ai-autoconfigure-model-tool-1.0.0-M8.jar;C:\Users\labsfiap\.m2\repository\org\springframework\ai\spring-ai-autoconfigure-retry\1.0.0-M8\spring-ai-autoconfigure-retry-1.0.0-M8.jar;C:\Users\labsfiap\.m2\repository\org\springframework\ai\spring-ai-autoconfigure-model-chat-observation\1.0.0-M8\spring-ai-autoconfigure-model-chat-observation-1.0.0-M8.jar;C:\Users\labsfiap\.m2\repository\org\springframework\ai\spring-ai-autoconfigure-model-embedding-observation\1.0.0-M8\spring-ai-autoconfigure-model-embedding-observation-1.0.0-M8.jar;C:\Users\labsfiap\.m2\repository\org\springframework\ai\spring-ai-autoconfigure-model-image-observation\1.0.0-M8\spring-ai-autoconfigure-model-image-observation-1.0.0-M8.jar;C:\Users\labsfiap\.m2\repository\org\springframework\ai\spring-ai-openai\1.0.0-M8\spring-ai-openai-1.0.0-M8.jar;C:\Users\labsfiap\.m2\repository\org\springframework\ai\spring-ai-client-chat\1.0.0-M8\spring-ai-client-chat-1.0.0-M8.jar;C:\Users\labsfiap\.m2\repository\com\fasterxml\jackson\module\jackson-module-jsonSchema\2.18.2\jackson-module-jsonSchema-2.18.2.jar;C:\Users\labsfiap\.m2\repository\javax\validation\validation-api\1.1.0.Final\validation-api-1.1.0.Final.jar;C:\Users\labsfiap\.m2\repository\io\swagger\core\v3\swagger-annotations\2.2.25\swagger-annotations-2.2.25.jar;C:\Users\labsfiap\.m2\repository\com\github\victools\jsonschema-module-swagger-2\4.37.0\jsonschema-module-swagger-2-4.37.0.jar;C:\Users\labsfiap\.m2\repository\io\projectreactor\reactor-core\3.7.3\reactor-core-3.7.3.jar;C:\Users\labsfiap\.m2\repository\org\reactivestreams\reactive-streams\1.0.4\reactive-streams-1.0.4.jar;C:\Users\labsfiap\.m2\repository\com\knuddels\jtokkit\1.1.0\jtokkit-1.1.0.jar;C:\Users\labsfiap\.m2\repository\org\springframework\ai\spring-ai-retry\1.0.0-M8\spring-ai-retry-1.0.0-M8.jar;C:\Users\labsfiap\.m2\repository\org\springframework\retry\spring-retry\2.0.11\spring-retry-2.0.11.jar;C:\Users\labsfiap\.m2\repository\org\springframework\spring-webflux\6.2.3\spring-webflux-6.2.3.jar;C:\Users\labsfiap\.m2\repository\io\rest-assured\json-path\5.5.1\json-path-5.5.1.jar;C:\Users\labsfiap\.m2\repository\org\apache\groovy\groovy-json\4.0.25\groovy-json-4.0.25.jar;C:\Users\labsfiap\.m2\repository\org\apache\groovy\groovy\4.0.25\groovy-4.0.25.jar;C:\Users\labsfiap\.m2\repository\io\rest-assured\rest-assured-common\5.5.1\rest-assured-common-5.5.1.jar;C:\Users\labsfiap\.m2\repository\org\apache\commons\commons-lang3\3.17.0\commons-lang3-3.17.0.jar;C:\Users\labsfiap\.m2\repository\com\github\victools\jsonschema-generator\4.37.0\jsonschema-generator-4.37.0.jar;C:\Users\labsfiap\.m2\repository\com\github\victools\jsonschema-module-jackson\4.37.0\jsonschema-module-jackson-4.37.0.jar;C:\Users\labsfiap\.m2\repository\org\springframework\spring-context-support\6.2.3\spring-context-support-6.2.3.jar;C:\Users\labsfiap\.m2\repository\org\slf4j\slf4j-api\2.0.16\slf4j-api-2.0.16.jar;C:\Users\labsfiap\.m2\repository\org\springframework\ai\spring-ai-autoconfigure-model-chat-client\1.0.0-M8\spring-ai-autoconfigure-model-chat-client-1.0.0-M8.jar;C:\Users\labsfiap\.m2\repository\org\springframework\ai\spring-ai-autoconfigure-model-chat-memory\1.0.0-M8\spring-ai-autoconfigure-model-chat-memory-1.0.0-M8.jar;C:\Users\labsfiap\.m2\repository\org\springframework\ai\spring-ai-model\1.0.0-M8\spring-ai-model-1.0.0-M8.jar;C:\Users\labsfiap\.m2\repository\org\springframework\ai\spring-ai-commons\1.0.0-M8\spring-ai-commons-1.0.0-M8.jar;C:\Users\labsfiap\.m2\repository\io\micrometer\micrometer-core\1.14.4\micrometer-core-1.14.4.jar;C:\Users\labsfiap\.m2\repository\org\hdrhistogram\HdrHistogram\2.2.2\HdrHistogram-2.2.2.jar;C:\Users\labsfiap\.m2\repository\org\latencyutils\LatencyUtils\2.0.3\LatencyUtils-2.0.3.jar;C:\Users\labsfiap\.m2\repository\io\micrometer\context-propagation\1.1.2\context-propagation-1.1.2.jar;C:\Users\labsfiap\.m2\repository\org\springframework\ai\spring-ai-template-st\1.0.0-M8\spring-ai-template-st-1.0.0-M8.jar;C:\Users\labsfiap\.m2\repository\org\antlr\ST4\4.3.4\ST4-4.3.4.jar;C:\Users\labsfiap\.m2\repository\org\antlr\antlr-runtime\3.5.3\antlr-runtime-3.5.3.jar;C:\Users\labsfiap\.m2\repository\org\springframework\spring-messaging\6.2.3\spring-messaging-6.2.3.jar;C:\Users\labsfiap\.m2\repository\com\h2database\h2\2.3.232\h2-2.3.232.jar;C:\Users\labsfiap\.m2\repository\org\springframework\boot\spring-boot-devtools\3.4.3\spring-boot-devtools-3.4.3.jar;C:\Users\labsfiap\.m2\repository\org\springframework\boot\spring-boot\3.4.3\spring-boot-3.4.3.jar;C:\Users\labsfiap\.m2\repository\org\springframework\boot\spring-boot-autoconfigure\3.4.3\spring-boot-autoconfigure-3.4.3.jar;C:\Users\labsfiap\.m2\repository\org\springframework\boot\spring-boot-starter-validation\3.4.3\spring-boot-starter-validation-3.4.3.jar;C:\Users\labsfiap\.m2\repository\org\apache\tomcat\embed\tomcat-embed-el\10.1.36\tomcat-embed-el-10.1.36.jar;C:\Users\labsfiap\.m2\repository\org\hibernate\validator\hibernate-validator\8.0.2.Final\hibernate-validator-8.0.2.Final.jar;C:\Users\labsfiap\.m2\repository\jakarta\validation\jakarta.validation-api\3.0.2\jakarta.validation-api-3.0.2.jar;C:\Users\labsfiap\.m2\repository\org\jboss\logging\jboss-logging\3.6.1.Final\jboss-logging-3.6.1.Final.jar;C:\Users\labsfiap\.m2\repository\com\fasterxml\classmate\1.7.0\classmate-1.7.0.jar;C:\Users\labsfiap\.m2\repository\org\springframework\boot\spring-boot-starter-security\3.4.3\spring-boot-starter-security-3.4.3.jar;C:\Users\labsfiap\.m2\repository\org\springframework\spring-aop\6.2.3\spring-aop-6.2.3.jar;C:\Users\labsfiap\.m2\repository\org\springframework\security\spring-security-config\6.4.3\spring-security-config-6.4.3.jar;C:\Users\labsfiap\.m2\repository\org\springframework\security\spring-security-core\6.4.3\spring-security-core-6.4.3.jar;C:\Users\labsfiap\.m2\repository\org\springframework\security\spring-security-crypto\6.4.3\spring-security-crypto-6.4.3.jar;C:\Users\labsfiap\.m2\repository\org\springframework\security\spring-security-web\6.4.3\spring-security-web-6.4.3.jar;C:\Users\labsfiap\.m2\repository\org\springframework\boot\spring-boot-starter-data-jpa\3.4.3\spring-boot-starter-data-jpa-3.4.3.jar;C:\Users\labsfiap\.m2\repository\org\springframework\boot\spring-boot-starter-jdbc\3.4.3\spring-boot-starter-jdbc-3.4.3.jar;C:\Users\labsfiap\.m2\repository\com\zaxxer\HikariCP\5.1.0\HikariCP-5.1.0.jar;C:\Users\labsfiap\.m2\repository\org\springframework\spring-jdbc\6.2.3\spring-jdbc-6.2.3.jar;C:\Users\labsfiap\.m2\repository\org\hibernate\orm\hibernate-core\6.6.8.Final\hibernate-core-6.6.8.Final.jar;C:\Users\labsfiap\.m2\repository\jakarta\persistence\jakarta.persistence-api\3.1.0\jakarta.persistence-api-3.1.0.jar;C:\Users\labsfiap\.m2\repository\jakarta\transaction\jakarta.transaction-api\2.0.1\jakarta.transaction-api-2.0.1.jar;C:\Users\labsfiap\.m2\repository\org\hibernate\common\hibernate-commons-annotations\7.0.3.Final\hibernate-commons-annotations-7.0.3.Final.jar;C:\Users\labsfiap\.m2\repository\io\smallrye\jandex\3.2.0\jandex-3.2.0.jar;C:\Users\labsfiap\.m2\repository\net\bytebuddy\byte-buddy\1.15.11\byte-buddy-1.15.11.jar;C:\Users\labsfiap\.m2\repository\org\glassfish\jaxb\jaxb-runtime\4.0.5\jaxb-runtime-4.0.5.jar;C:\Users\labsfiap\.m2\repository\org\glassfish\jaxb\jaxb-core\4.0.5\jaxb-core-4.0.5.jar;C:\Users\labsfiap\.m2\repository\org\eclipse\angus\angus-activation\2.0.2\angus-activation-2.0.2.jar;C:\Users\labsfiap\.m2\repository\org\glassfish\jaxb\txw2\4.0.5\txw2-4.0.5.jar;C:\Users\labsfiap\.m2\repository\com\sun\istack\istack-commons-runtime\4.1.2\istack-commons-runtime-4.1.2.jar;C:\Users\labsfiap\.m2\repository\jakarta\inject\jakarta.inject-api\2.0.1\jakarta.inject-api-2.0.1.jar;C:\Users\labsfiap\.m2\repository\org\antlr\antlr4-runtime\4.13.0\antlr4-runtime-4.13.0.jar;C:\Users\labsfiap\.m2\repository\org\springframework\data\spring-data-jpa\3.4.3\spring-data-jpa-3.4.3.jar;C:\Users\labsfiap\.m2\repository\org\springframework\data\spring-data-commons\3.4.3\spring-data-commons-3.4.3.jar;C:\Users\labsfiap\.m2\repository\org\springframework\spring-orm\6.2.3\spring-orm-6.2.3.jar;C:\Users\labsfiap\.m2\repository\org\springframework\spring-tx\6.2.3\spring-tx-6.2.3.jar;C:\Users\labsfiap\.m2\repository\org\springframework\spring-aspects\6.2.3\spring-aspects-6.2.3.jar;C:\Users\labsfiap\.m2\repository\org\aspectj\aspectjweaver\1.9.22.1\aspectjweaver-1.9.22.1.jar;C:\Users\labsfiap\.m2\repository\org\projectlombok\lombok\1.18.36\lombok-1.18.36.jar;C:\Users\labsfiap\.m2\repository\org\springframework\boot\spring-boot-starter-test\3.4.3\spring-boot-starter-test-3.4.3.jar;C:\Users\labsfiap\.m2\repository\org\springframework\boot\spring-boot-test\3.4.3\spring-boot-test-3.4.3.jar;C:\Users\labsfiap\.m2\repository\org\springframework\boot\spring-boot-test-autoconfigure\3.4.3\spring-boot-test-autoconfigure-3.4.3.jar;C:\Users\labsfiap\.m2\repository\com\jayway\jsonpath\json-path\2.9.0\json-path-2.9.0.jar;C:\Users\labsfiap\.m2\repository\jakarta\xml\bind\jakarta.xml.bind-api\4.0.2\jakarta.xml.bind-api-4.0.2.jar;C:\Users\labsfiap\.m2\repository\jakarta\activation\jakarta.activation-api\2.1.3\jakarta.activation-api-2.1.3.jar;C:\Users\labsfiap\.m2\repository\net\minidev\json-smart\2.5.2\json-smart-2.5.2.jar;C:\Users\labsfiap\.m2\repository\net\minidev\accessors-smart\2.5.2\accessors-smart-2.5.2.jar;C:\Users\labsfiap\.m2\repository\org\ow2\asm\asm\9.7.1\asm-9.7.1.jar;C:\Users\labsfiap\.m2\repository\org\assertj\assertj-core\3.26.3\assertj-core-3.26.3.jar;C:\Users\labsfiap\.m2\repository\org\awaitility\awaitility\4.2.2\awaitility-4.2.2.jar;C:\Users\labsfiap\.m2\repository\org\hamcrest\hamcrest\2.2\hamcrest-2.2.jar;C:\Users\labsfiap\.m2\repository\org\junit\jupiter\junit-jupiter\5.11.4\junit-jupiter-5.11.4.jar;C:\Users\labsfiap\.m2\repository\org\junit\jupiter\junit-jupiter-api\5.11.4\junit-jupiter-api-5.11.4.jar;C:\Users\labsfiap\.m2\repository\org\opentest4j\opentest4j\1.3.0\opentest4j-1.3.0.jar;C:\Users\labsfiap\.m2\repository\org\junit\platform\junit-platform-commons\1.11.4\junit-platform-commons-1.11.4.jar;C:\Users\labsfiap\.m2\repository\org\apiguardian\apiguardian-api\1.1.2\apiguardian-api-1.1.2.jar;C:\Users\labsfiap\.m2\repository\org\junit\jupiter\junit-jupiter-params\5.11.4\junit-jupiter-params-5.11.4.jar;C:\Users\labsfiap\.m2\repository\org\junit\jupiter\junit-jupiter-engine\5.11.4\junit-jupiter-engine-5.11.4.jar;C:\Users\labsfiap\.m2\repository\org\junit\platform\junit-platform-engine\1.11.4\junit-platform-engine-1.11.4.jar;C:\Users\labsfiap\.m2\repository\org\mockito\mockito-core\5.14.2\mockito-core-5.14.2.jar;C:\Users\labsfiap\.m2\repository\net\bytebuddy\byte-buddy-agent\1.15.11\byte-buddy-agent-1.15.11.jar;C:\Users\labsfiap\.m2\repository\org\objenesis\objenesis\3.3\objenesis-3.3.jar;C:\Users\labsfiap\.m2\repository\org\mockito\mockito-junit-jupiter\5.14.2\mockito-junit-jupiter-5.14.2.jar;C:\Users\labsfiap\.m2\repository\org\skyscreamer\jsonassert\1.5.3\jsonassert-1.5.3.jar;C:\Users\labsfiap\.m2\repository\com\vaadin\external\google\android-json\0.0.20131108.vaadin1\android-json-0.0.20131108.vaadin1.jar;C:\Users\labsfiap\.m2\repository\org\springframework\spring-core\6.2.3\spring-core-6.2.3.jar;C:\Users\labsfiap\.m2\repository\org\springframework\spring-jcl\6.2.3\spring-jcl-6.2.3.jar;C:\Users\labsfiap\.m2\repository\org\springframework\spring-test\6.2.3\spring-test-6.2.3.jar;C:\Users\labsfiap\.m2\repository\org\xmlunit\xmlunit-core\2.10.0\xmlunit-core-2.10.0.jar;"/>
    <property name="java.vm.vendor" value="Oracle Corporation"/>
    <property name="sun.arch.data.model" value="64"/>
    <property name="user.variant" value=""/>
    <property name="java.vendor.url" value="https://java.oracle.com/"/>
    <property name="user.timezone" value="America/Araguaina"/>
    <property name="org.jboss.logging.provider" value="slf4j"/>
    <property name="user.country.format" value="BR"/>
    <property name="os.name" value="Windows 10"/>
    <property name="java.vm.specification.version" value="18"/>
    <property name="APPLICATION_NAME" value="read-easy-api"/>
    <property name="sun.java.launcher" value="SUN_STANDARD"/>
    <property name="user.country" value="US"/>
    <property name="sun.boot.library.path" value="C:\Program Files\Java\jdk-18.0.2.1\bin"/>
    <property name="sun.java.command" value="C:\AppData\Local\Temp\surefire14941382236077264431\surefirebooter-20250516083517712_3.jar C:\AppData\Local\Temp\surefire14941382236077264431 2025-05-16T08-35-17_039-jvmRun1 surefire-20250516083517712_1tmp surefire_0-20250516083517712_2tmp"/>
    <property name="jdk.debug" value="release"/>
    <property name="surefire.test.class.path" value="D:\read-easy-api\target\test-classes;D:\read-easy-api\target\classes;C:\Users\labsfiap\.m2\repository\org\springframework\boot\spring-boot-starter-web\3.4.3\spring-boot-starter-web-3.4.3.jar;C:\Users\labsfiap\.m2\repository\org\springframework\boot\spring-boot-starter\3.4.3\spring-boot-starter-3.4.3.jar;C:\Users\labsfiap\.m2\repository\org\springframework\boot\spring-boot-starter-logging\3.4.3\spring-boot-starter-logging-3.4.3.jar;C:\Users\labsfiap\.m2\repository\ch\qos\logback\logback-classic\1.5.16\logback-classic-1.5.16.jar;C:\Users\labsfiap\.m2\repository\ch\qos\logback\logback-core\1.5.16\logback-core-1.5.16.jar;C:\Users\labsfiap\.m2\repository\org\apache\logging\log4j\log4j-to-slf4j\2.24.3\log4j-to-slf4j-2.24.3.jar;C:\Users\labsfiap\.m2\repository\org\apache\logging\log4j\log4j-api\2.24.3\log4j-api-2.24.3.jar;C:\Users\labsfiap\.m2\repository\org\slf4j\jul-to-slf4j\2.0.16\jul-to-slf4j-2.0.16.jar;C:\Users\labsfiap\.m2\repository\jakarta\annotation\jakarta.annotation-api\2.1.1\jakarta.annotation-api-2.1.1.jar;C:\Users\labsfiap\.m2\repository\org\yaml\snakeyaml\2.3\snakeyaml-2.3.jar;C:\Users\labsfiap\.m2\repository\org\springframework\boot\spring-boot-starter-json\3.4.3\spring-boot-starter-json-3.4.3.jar;C:\Users\labsfiap\.m2\repository\com\fasterxml\jackson\datatype\jackson-datatype-jdk8\2.18.2\jackson-datatype-jdk8-2.18.2.jar;C:\Users\labsfiap\.m2\repository\com\fasterxml\jackson\datatype\jackson-datatype-jsr310\2.18.2\jackson-datatype-jsr310-2.18.2.jar;C:\Users\labsfiap\.m2\repository\com\fasterxml\jackson\module\jackson-module-parameter-names\2.18.2\jackson-module-parameter-names-2.18.2.jar;C:\Users\labsfiap\.m2\repository\org\springframework\boot\spring-boot-starter-tomcat\3.4.3\spring-boot-starter-tomcat-3.4.3.jar;C:\Users\labsfiap\.m2\repository\org\apache\tomcat\embed\tomcat-embed-core\10.1.36\tomcat-embed-core-10.1.36.jar;C:\Users\labsfiap\.m2\repository\org\apache\tomcat\embed\tomcat-embed-websocket\10.1.36\tomcat-embed-websocket-10.1.36.jar;C:\Users\labsfiap\.m2\repository\org\springframework\spring-web\6.2.3\spring-web-6.2.3.jar;C:\Users\labsfiap\.m2\repository\org\springframework\spring-beans\6.2.3\spring-beans-6.2.3.jar;C:\Users\labsfiap\.m2\repository\io\micrometer\micrometer-observation\1.14.4\micrometer-observation-1.14.4.jar;C:\Users\labsfiap\.m2\repository\io\micrometer\micrometer-commons\1.14.4\micrometer-commons-1.14.4.jar;C:\Users\labsfiap\.m2\repository\org\springframework\spring-webmvc\6.2.3\spring-webmvc-6.2.3.jar;C:\Users\labsfiap\.m2\repository\org\springframework\spring-context\6.2.3\spring-context-6.2.3.jar;C:\Users\labsfiap\.m2\repository\org\springframework\spring-expression\6.2.3\spring-expression-6.2.3.jar;C:\Users\labsfiap\.m2\repository\com\auth0\java-jwt\4.5.0\java-jwt-4.5.0.jar;C:\Users\labsfiap\.m2\repository\com\fasterxml\jackson\core\jackson-core\2.18.2\jackson-core-2.18.2.jar;C:\Users\labsfiap\.m2\repository\com\fasterxml\jackson\core\jackson-databind\2.18.2\jackson-databind-2.18.2.jar;C:\Users\labsfiap\.m2\repository\com\fasterxml\jackson\core\jackson-annotations\2.18.2\jackson-annotations-2.18.2.jar;C:\Users\labsfiap\.m2\repository\org\springframework\ai\spring-ai-starter-model-openai\1.0.0-M8\spring-ai-starter-model-openai-1.0.0-M8.jar;C:\Users\labsfiap\.m2\repository\org\springframework\ai\spring-ai-autoconfigure-model-openai\1.0.0-M8\spring-ai-autoconfigure-model-openai-1.0.0-M8.jar;C:\Users\labsfiap\.m2\repository\org\springframework\ai\spring-ai-autoconfigure-model-tool\1.0.0-M8\spring-ai-autoconfigure-model-tool-1.0.0-M8.jar;C:\Users\labsfiap\.m2\repository\org\springframework\ai\spring-ai-autoconfigure-retry\1.0.0-M8\spring-ai-autoconfigure-retry-1.0.0-M8.jar;C:\Users\labsfiap\.m2\repository\org\springframework\ai\spring-ai-autoconfigure-model-chat-observation\1.0.0-M8\spring-ai-autoconfigure-model-chat-observation-1.0.0-M8.jar;C:\Users\labsfiap\.m2\repository\org\springframework\ai\spring-ai-autoconfigure-model-embedding-observation\1.0.0-M8\spring-ai-autoconfigure-model-embedding-observation-1.0.0-M8.jar;C:\Users\labsfiap\.m2\repository\org\springframework\ai\spring-ai-autoconfigure-model-image-observation\1.0.0-M8\spring-ai-autoconfigure-model-image-observation-1.0.0-M8.jar;C:\Users\labsfiap\.m2\repository\org\springframework\ai\spring-ai-openai\1.0.0-M8\spring-ai-openai-1.0.0-M8.jar;C:\Users\labsfiap\.m2\repository\org\springframework\ai\spring-ai-client-chat\1.0.0-M8\spring-ai-client-chat-1.0.0-M8.jar;C:\Users\labsfiap\.m2\repository\com\fasterxml\jackson\module\jackson-module-jsonSchema\2.18.2\jackson-module-jsonSchema-2.18.2.jar;C:\Users\labsfiap\.m2\repository\javax\validation\validation-api\1.1.0.Final\validation-api-1.1.0.Final.jar;C:\Users\labsfiap\.m2\repository\io\swagger\core\v3\swagger-annotations\2.2.25\swagger-annotations-2.2.25.jar;C:\Users\labsfiap\.m2\repository\com\github\victools\jsonschema-module-swagger-2\4.37.0\jsonschema-module-swagger-2-4.37.0.jar;C:\Users\labsfiap\.m2\repository\io\projectreactor\reactor-core\3.7.3\reactor-core-3.7.3.jar;C:\Users\labsfiap\.m2\repository\org\reactivestreams\reactive-streams\1.0.4\reactive-streams-1.0.4.jar;C:\Users\labsfiap\.m2\repository\com\knuddels\jtokkit\1.1.0\jtokkit-1.1.0.jar;C:\Users\labsfiap\.m2\repository\org\springframework\ai\spring-ai-retry\1.0.0-M8\spring-ai-retry-1.0.0-M8.jar;C:\Users\labsfiap\.m2\repository\org\springframework\retry\spring-retry\2.0.11\spring-retry-2.0.11.jar;C:\Users\labsfiap\.m2\repository\org\springframework\spring-webflux\6.2.3\spring-webflux-6.2.3.jar;C:\Users\labsfiap\.m2\repository\io\rest-assured\json-path\5.5.1\json-path-5.5.1.jar;C:\Users\labsfiap\.m2\repository\org\apache\groovy\groovy-json\4.0.25\groovy-json-4.0.25.jar;C:\Users\labsfiap\.m2\repository\org\apache\groovy\groovy\4.0.25\groovy-4.0.25.jar;C:\Users\labsfiap\.m2\repository\io\rest-assured\rest-assured-common\5.5.1\rest-assured-common-5.5.1.jar;C:\Users\labsfiap\.m2\repository\org\apache\commons\commons-lang3\3.17.0\commons-lang3-3.17.0.jar;C:\Users\labsfiap\.m2\repository\com\github\victools\jsonschema-generator\4.37.0\jsonschema-generator-4.37.0.jar;C:\Users\labsfiap\.m2\repository\com\github\victools\jsonschema-module-jackson\4.37.0\jsonschema-module-jackson-4.37.0.jar;C:\Users\labsfiap\.m2\repository\org\springframework\spring-context-support\6.2.3\spring-context-support-6.2.3.jar;C:\Users\labsfiap\.m2\repository\org\slf4j\slf4j-api\2.0.16\slf4j-api-2.0.16.jar;C:\Users\labsfiap\.m2\repository\org\springframework\ai\spring-ai-autoconfigure-model-chat-client\1.0.0-M8\spring-ai-autoconfigure-model-chat-client-1.0.0-M8.jar;C:\Users\labsfiap\.m2\repository\org\springframework\ai\spring-ai-autoconfigure-model-chat-memory\1.0.0-M8\spring-ai-autoconfigure-model-chat-memory-1.0.0-M8.jar;C:\Users\labsfiap\.m2\repository\org\springframework\ai\spring-ai-model\1.0.0-M8\spring-ai-model-1.0.0-M8.jar;C:\Users\labsfiap\.m2\repository\org\springframework\ai\spring-ai-commons\1.0.0-M8\spring-ai-commons-1.0.0-M8.jar;C:\Users\labsfiap\.m2\repository\io\micrometer\micrometer-core\1.14.4\micrometer-core-1.14.4.jar;C:\Users\labsfiap\.m2\repository\org\hdrhistogram\HdrHistogram\2.2.2\HdrHistogram-2.2.2.jar;C:\Users\labsfiap\.m2\repository\org\latencyutils\LatencyUtils\2.0.3\LatencyUtils-2.0.3.jar;C:\Users\labsfiap\.m2\repository\io\micrometer\context-propagation\1.1.2\context-propagation-1.1.2.jar;C:\Users\labsfiap\.m2\repository\org\springframework\ai\spring-ai-template-st\1.0.0-M8\spring-ai-template-st-1.0.0-M8.jar;C:\Users\labsfiap\.m2\repository\org\antlr\ST4\4.3.4\ST4-4.3.4.jar;C:\Users\labsfiap\.m2\repository\org\antlr\antlr-runtime\3.5.3\antlr-runtime-3.5.3.jar;C:\Users\labsfiap\.m2\repository\org\springframework\spring-messaging\6.2.3\spring-messaging-6.2.3.jar;C:\Users\labsfiap\.m2\repository\com\h2database\h2\2.3.232\h2-2.3.232.jar;C:\Users\labsfiap\.m2\repository\org\springframework\boot\spring-boot-devtools\3.4.3\spring-boot-devtools-3.4.3.jar;C:\Users\labsfiap\.m2\repository\org\springframework\boot\spring-boot\3.4.3\spring-boot-3.4.3.jar;C:\Users\labsfiap\.m2\repository\org\springframework\boot\spring-boot-autoconfigure\3.4.3\spring-boot-autoconfigure-3.4.3.jar;C:\Users\labsfiap\.m2\repository\org\springframework\boot\spring-boot-starter-validation\3.4.3\spring-boot-starter-validation-3.4.3.jar;C:\Users\labsfiap\.m2\repository\org\apache\tomcat\embed\tomcat-embed-el\10.1.36\tomcat-embed-el-10.1.36.jar;C:\Users\labsfiap\.m2\repository\org\hibernate\validator\hibernate-validator\8.0.2.Final\hibernate-validator-8.0.2.Final.jar;C:\Users\labsfiap\.m2\repository\jakarta\validation\jakarta.validation-api\3.0.2\jakarta.validation-api-3.0.2.jar;C:\Users\labsfiap\.m2\repository\org\jboss\logging\jboss-logging\3.6.1.Final\jboss-logging-3.6.1.Final.jar;C:\Users\labsfiap\.m2\repository\com\fasterxml\classmate\1.7.0\classmate-1.7.0.jar;C:\Users\labsfiap\.m2\repository\org\springframework\boot\spring-boot-starter-security\3.4.3\spring-boot-starter-security-3.4.3.jar;C:\Users\labsfiap\.m2\repository\org\springframework\spring-aop\6.2.3\spring-aop-6.2.3.jar;C:\Users\labsfiap\.m2\repository\org\springframework\security\spring-security-config\6.4.3\spring-security-config-6.4.3.jar;C:\Users\labsfiap\.m2\repository\org\springframework\security\spring-security-core\6.4.3\spring-security-core-6.4.3.jar;C:\Users\labsfiap\.m2\repository\org\springframework\security\spring-security-crypto\6.4.3\spring-security-crypto-6.4.3.jar;C:\Users\labsfiap\.m2\repository\org\springframework\security\spring-security-web\6.4.3\spring-security-web-6.4.3.jar;C:\Users\labsfiap\.m2\repository\org\springframework\boot\spring-boot-starter-data-jpa\3.4.3\spring-boot-starter-data-jpa-3.4.3.jar;C:\Users\labsfiap\.m2\repository\org\springframework\boot\spring-boot-starter-jdbc\3.4.3\spring-boot-starter-jdbc-3.4.3.jar;C:\Users\labsfiap\.m2\repository\com\zaxxer\HikariCP\5.1.0\HikariCP-5.1.0.jar;C:\Users\labsfiap\.m2\repository\org\springframework\spring-jdbc\6.2.3\spring-jdbc-6.2.3.jar;C:\Users\labsfiap\.m2\repository\org\hibernate\orm\hibernate-core\6.6.8.Final\hibernate-core-6.6.8.Final.jar;C:\Users\labsfiap\.m2\repository\jakarta\persistence\jakarta.persistence-api\3.1.0\jakarta.persistence-api-3.1.0.jar;C:\Users\labsfiap\.m2\repository\jakarta\transaction\jakarta.transaction-api\2.0.1\jakarta.transaction-api-2.0.1.jar;C:\Users\labsfiap\.m2\repository\org\hibernate\common\hibernate-commons-annotations\7.0.3.Final\hibernate-commons-annotations-7.0.3.Final.jar;C:\Users\labsfiap\.m2\repository\io\smallrye\jandex\3.2.0\jandex-3.2.0.jar;C:\Users\labsfiap\.m2\repository\net\bytebuddy\byte-buddy\1.15.11\byte-buddy-1.15.11.jar;C:\Users\labsfiap\.m2\repository\org\glassfish\jaxb\jaxb-runtime\4.0.5\jaxb-runtime-4.0.5.jar;C:\Users\labsfiap\.m2\repository\org\glassfish\jaxb\jaxb-core\4.0.5\jaxb-core-4.0.5.jar;C:\Users\labsfiap\.m2\repository\org\eclipse\angus\angus-activation\2.0.2\angus-activation-2.0.2.jar;C:\Users\labsfiap\.m2\repository\org\glassfish\jaxb\txw2\4.0.5\txw2-4.0.5.jar;C:\Users\labsfiap\.m2\repository\com\sun\istack\istack-commons-runtime\4.1.2\istack-commons-runtime-4.1.2.jar;C:\Users\labsfiap\.m2\repository\jakarta\inject\jakarta.inject-api\2.0.1\jakarta.inject-api-2.0.1.jar;C:\Users\labsfiap\.m2\repository\org\antlr\antlr4-runtime\4.13.0\antlr4-runtime-4.13.0.jar;C:\Users\labsfiap\.m2\repository\org\springframework\data\spring-data-jpa\3.4.3\spring-data-jpa-3.4.3.jar;C:\Users\labsfiap\.m2\repository\org\springframework\data\spring-data-commons\3.4.3\spring-data-commons-3.4.3.jar;C:\Users\labsfiap\.m2\repository\org\springframework\spring-orm\6.2.3\spring-orm-6.2.3.jar;C:\Users\labsfiap\.m2\repository\org\springframework\spring-tx\6.2.3\spring-tx-6.2.3.jar;C:\Users\labsfiap\.m2\repository\org\springframework\spring-aspects\6.2.3\spring-aspects-6.2.3.jar;C:\Users\labsfiap\.m2\repository\org\aspectj\aspectjweaver\1.9.22.1\aspectjweaver-1.9.22.1.jar;C:\Users\labsfiap\.m2\repository\org\projectlombok\lombok\1.18.36\lombok-1.18.36.jar;C:\Users\labsfiap\.m2\repository\org\springframework\boot\spring-boot-starter-test\3.4.3\spring-boot-starter-test-3.4.3.jar;C:\Users\labsfiap\.m2\repository\org\springframework\boot\spring-boot-test\3.4.3\spring-boot-test-3.4.3.jar;C:\Users\labsfiap\.m2\repository\org\springframework\boot\spring-boot-test-autoconfigure\3.4.3\spring-boot-test-autoconfigure-3.4.3.jar;C:\Users\labsfiap\.m2\repository\com\jayway\jsonpath\json-path\2.9.0\json-path-2.9.0.jar;C:\Users\labsfiap\.m2\repository\jakarta\xml\bind\jakarta.xml.bind-api\4.0.2\jakarta.xml.bind-api-4.0.2.jar;C:\Users\labsfiap\.m2\repository\jakarta\activation\jakarta.activation-api\2.1.3\jakarta.activation-api-2.1.3.jar;C:\Users\labsfiap\.m2\repository\net\minidev\json-smart\2.5.2\json-smart-2.5.2.jar;C:\Users\labsfiap\.m2\repository\net\minidev\accessors-smart\2.5.2\accessors-smart-2.5.2.jar;C:\Users\labsfiap\.m2\repository\org\ow2\asm\asm\9.7.1\asm-9.7.1.jar;C:\Users\labsfiap\.m2\repository\org\assertj\assertj-core\3.26.3\assertj-core-3.26.3.jar;C:\Users\labsfiap\.m2\repository\org\awaitility\awaitility\4.2.2\awaitility-4.2.2.jar;C:\Users\labsfiap\.m2\repository\org\hamcrest\hamcrest\2.2\hamcrest-2.2.jar;C:\Users\labsfiap\.m2\repository\org\junit\jupiter\junit-jupiter\5.11.4\junit-jupiter-5.11.4.jar;C:\Users\labsfiap\.m2\repository\org\junit\jupiter\junit-jupiter-api\5.11.4\junit-jupiter-api-5.11.4.jar;C:\Users\labsfiap\.m2\repository\org\opentest4j\opentest4j\1.3.0\opentest4j-1.3.0.jar;C:\Users\labsfiap\.m2\repository\org\junit\platform\junit-platform-commons\1.11.4\junit-platform-commons-1.11.4.jar;C:\Users\labsfiap\.m2\repository\org\apiguardian\apiguardian-api\1.1.2\apiguardian-api-1.1.2.jar;C:\Users\labsfiap\.m2\repository\org\junit\jupiter\junit-jupiter-params\5.11.4\junit-jupiter-params-5.11.4.jar;C:\Users\labsfiap\.m2\repository\org\junit\jupiter\junit-jupiter-engine\5.11.4\junit-jupiter-engine-5.11.4.jar;C:\Users\labsfiap\.m2\repository\org\junit\platform\junit-platform-engine\1.11.4\junit-platform-engine-1.11.4.jar;C:\Users\labsfiap\.m2\repository\org\mockito\mockito-core\5.14.2\mockito-core-5.14.2.jar;C:\Users\labsfiap\.m2\repository\net\bytebuddy\byte-buddy-agent\1.15.11\byte-buddy-agent-1.15.11.jar;C:\Users\labsfiap\.m2\repository\org\objenesis\objenesis\3.3\objenesis-3.3.jar;C:\Users\labsfiap\.m2\repository\org\mockito\mockito-junit-jupiter\5.14.2\mockito-junit-jupiter-5.14.2.jar;C:\Users\labsfiap\.m2\repository\org\skyscreamer\jsonassert\1.5.3\jsonassert-1.5.3.jar;C:\Users\labsfiap\.m2\repository\com\vaadin\external\google\android-json\0.0.20131108.vaadin1\android-json-0.0.20131108.vaadin1.jar;C:\Users\labsfiap\.m2\repository\org\springframework\spring-core\6.2.3\spring-core-6.2.3.jar;C:\Users\labsfiap\.m2\repository\org\springframework\spring-jcl\6.2.3\spring-jcl-6.2.3.jar;C:\Users\labsfiap\.m2\repository\org\springframework\spring-test\6.2.3\spring-test-6.2.3.jar;C:\Users\labsfiap\.m2\repository\org\xmlunit\xmlunit-core\2.10.0\xmlunit-core-2.10.0.jar;"/>
    <property name="sun.cpu.endian" value="little"/>
    <property name="user.home" value="C:\Users\labsfiap"/>
    <property name="user.language" value="en"/>
    <property name="java.specification.vendor" value="Oracle Corporation"/>
    <property name="java.version.date" value="2022-08-18"/>
    <property name="java.home" value="C:\Program Files\Java\jdk-18.0.2.1"/>
    <property name="file.separator" value="\"/>
    <property name="basedir" value="D:\read-easy-api"/>
    <property name="java.vm.compressedOopsMode" value="Zero based"/>
    <property name="line.separator" value="&#10;"/>
    <property name="java.vm.specification.vendor" value="Oracle Corporation"/>
    <property name="java.specification.name" value="Java Platform API Specification"/>
    <property name="FILE_LOG_CHARSET" value="UTF-8"/>
    <property name="java.awt.headless" value="true"/>
    <property name="surefire.real.class.path" value="C:\AppData\Local\Temp\surefire14941382236077264431\surefirebooter-20250516083517712_3.jar"/>
    <property name="user.script" value=""/>
    <property name="sun.management.compiler" value="HotSpot 64-Bit Tiered Compilers"/>
    <property name="java.runtime.version" value="18.0.2.1+1-1"/>
    <property name="user.name" value="labsfiap"/>
    <property name="path.separator" value=";"/>
    <property name="os.version" value="10.0"/>
    <property name="java.runtime.name" value="Java(TM) SE Runtime Environment"/>
    <property name="file.encoding" value="UTF-8"/>
    <property name="java.vm.name" value="Java HotSpot(TM) 64-Bit Server VM"/>
    <property name="localRepository" value="C:\Users\labsfiap\.m2\repository"/>
    <property name="java.vendor.url.bug" value="https://bugreport.java.com/bugreport/"/>
    <property name="java.io.tmpdir" value="c:\AppData\Local\Temp\"/>
    <property name="com.zaxxer.hikari.pool_number" value="1"/>
    <property name="java.version" value="18.0.2.1"/>
    <property name="user.dir" value="D:\read-easy-api"/>
    <property name="os.arch" value="amd64"/>
    <property name="java.vm.specification.name" value="Java Virtual Machine Specification"/>
    <property name="PID" value="5788"/>
    <property name="user.language.format" value="pt"/>
    <property name="sun.os.patch.level" value=""/>
    <property name="CONSOLE_LOG_CHARSET" value="UTF-8"/>
    <property name="native.encoding" value="Cp1252"/>
    <property name="java.library.path" value="C:\Program Files\Java\jdk-18.0.2.1\bin;C:\windows\Sun\Java\bin;C:\windows\system32;C:\windows;C:\Program Files (x86)\VMware\VMware Workstation\bin\;C:\Program Files\Microsoft SDKs\Azure\CLI2\wbin;C:\Program Files\Microsoft MPI\Bin\;C:\Program Files\Python312\Scripts\;C:\Program Files\Python312\;C:\Program Files (x86)\NVIDIA Corporation\PhysX\Common;C:\Program Files\Java\jdk-18.0.2.1\bin;C:\OpenSource\gradle-8.7\bin;C:\OpenSource\flutter_windows_3.19.4-stable\flutter\bin;C:\windows\system32;C:\windows;C:\windows\System32\Wbem;C:\windows\System32\WindowsPowerShell\v1.0\;C:\windows\System32\OpenSSH\;C:\ProgramData\chocolatey\bin;C:\Program Files\dotnet\;C:\Program Files\Common Files\Autodesk Shared\;C:\Program Files\Microsoft VS Code\bin;C:\Program Files\Amazon\AWSCLIV2\;C:\Program Files\Microsoft SQL Server\150\Tools\Binn\;C:\Program Files\Microsoft SQL Server\Client SDK\ODBC\170\Tools\Binn\;C:\Program Files (x86)\Windows Kits\10\Windows Performance Toolkit\;C:\Program Files (x86)\Microsoft SQL Server\160\DTS\Binn\;C:\Program Files\GitHub CLI\;C:\OpenSource\php-8.3.4-Win32-vs16-x64;C:\Program Files\PuTTY\;C:\ProgramData\ComposerSetup\bin;C:\OpenSource\DataCleaner;C:\OpenSource\kafka_2.13-3.7.0\bin;C:\OpenSource\mockito-all-2.0.2-beta.jar;C:\OpenSource\neo4j-community-5.18.1\bin;C:\Program Files\Microchip\xc8\v2.46\bin;C:\Program Files\Microchip\xc-dsc\v3.00\bin;C:\Program Files\Microchip\xc16\v2.10\bin;C:\Program Files\Microchip\xc32\v4.35\bin;C:\Program Files\Rancher Desktop\resources\resources\win32\bin\;C:\Program Files\Rancher Desktop\resources\resources\linux\bin\;C:\AndroidSDK\tools;C:\AndroidSDK\platform-tools;C:\AndroidSDK\emulator;C:\AndroidSDK;C:\Program Files (x86)\Microsoft SQL Server\150\Tools\Binn\;C:\Program Files\Microsoft SQL Server\150\DTS\Binn\;C:\Program Files (x86)\Windows Kits\8.1\Windows Performance Toolkit\;C:\Program Files\Vagrant\bin;C:\Program Files (x86)\WinSCP\;C:\composer;C:\Program Files\Git\cmd;C:\instantclient_21_13;C:\ProgramData\anaconda3;C:\ProgramData\anaconda3\Scripts;C:\ProgramData\anaconda3\Library\bin;c:\AppData\Roaming\npm;C:\Program Files (x86)\Microsoft SQL Server\160\Tools\Binn\;C:\Program Files\Microsoft SQL Server\;C:\OpenSource\apache-maven-3.9.6\bin;C:\Program Files\Docker\Docker\resources\bin;C:\Program Files\Rancher Desktop\resources\resources\win32\bin\;C:\Program Files\Rancher Desktop\resources\resources\linux\bin\;C:\Program Files\nodejs\;C:\Program Files\Microsoft VS Code\bin;C:\Program Files\dotnet\;c:\AppData\Local\Microsoft\WindowsApps;;."/>
    <property name="java.vm.info" value="mixed mode, sharing"/>
    <property name="java.vendor" value="Oracle Corporation"/>
    <property name="java.vm.version" value="18.0.2.1+1-1"/>
    <property name="sun.io.unicode.encoding" value="UnicodeLittle"/>
    <property name="java.class.version" value="62.0"/>
    <property name="LOGGED_APPLICATION_NAME" value="[read-easy-api] "/>
  </properties>
  <testcase name="contextLoads" classname="br.com.fiap.read_easy_api.ReadEasyApiApplicationTests" time="0.465">
    <system-out><![CDATA[08:35:18.658 [main] INFO org.springframework.test.context.support.AnnotationConfigContextLoaderUtils -- Could not detect default configuration classes for test class [br.com.fiap.read_easy_api.ReadEasyApiApplicationTests]: ReadEasyApiApplicationTests does not declare any static, non-private, non-final, nested classes annotated with @Configuration.
08:35:18.811 [main] INFO org.springframework.boot.test.context.SpringBootTestContextBootstrapper -- Found @SpringBootConfiguration br.com.fiap.read_easy_api.App for test class br.com.fiap.read_easy_api.ReadEasyApiApplicationTests
08:35:18.997 [main] INFO org.springframework.boot.devtools.restart.RestartApplicationListener -- Restart disabled due to context in which it is running

  .   ____          _            __ _ _
 /\\ / ___'_ __ _ _(_)_ __  __ _ \ \ \ \
( ( )\___ | '_ | '_| | '_ \/ _` | \ \ \ \
 \\/  ___)| |_)| | | | | || (_| |  ) ) ) )
  '  |____| .__|_| |_|_| |_\__, | / / / /
 =========|_|==============|___/=/_/_/_/

 :: Spring Boot ::                (v3.4.3)

2025-05-16T08:35:19.372-03:00  INFO 5788 --- [read-easy-api] [           main] b.c.f.r.ReadEasyApiApplicationTests      : Starting ReadEasyApiApplicationTests using Java 18.0.2.1 with PID 5788 (started by labsfiap in D:\read-easy-api)
2025-05-16T08:35:19.374-03:00  INFO 5788 --- [read-easy-api] [           main] b.c.f.r.ReadEasyApiApplicationTests      : No active profile set, falling back to 1 default profile: "default"
2025-05-16T08:35:20.730-03:00  INFO 5788 --- [read-easy-api] [           main] .s.d.r.c.RepositoryConfigurationDelegate : Bootstrapping Spring Data JPA repositories in DEFAULT mode.
2025-05-16T08:35:20.927-03:00  INFO 5788 --- [read-easy-api] [           main] .s.d.r.c.RepositoryConfigurationDelegate : Finished Spring Data repository scanning in 185 ms. Found 3 JPA repository interfaces.
2025-05-16T08:35:21.696-03:00  INFO 5788 --- [read-easy-api] [           main] com.zaxxer.hikari.HikariDataSource       : HikariPool-1 - Starting...
2025-05-16T08:35:21.937-03:00  INFO 5788 --- [read-easy-api] [           main] com.zaxxer.hikari.pool.HikariPool        : HikariPool-1 - Added connection conn0: url=jdbc:h2:mem:readeasyapi user=KULEX
2025-05-16T08:35:21.953-03:00  INFO 5788 --- [read-easy-api] [           main] com.zaxxer.hikari.HikariDataSource       : HikariPool-1 - Start completed.
2025-05-16T08:35:22.050-03:00  INFO 5788 --- [read-easy-api] [           main] o.hibernate.jpa.internal.util.LogHelper  : HHH000204: Processing PersistenceUnitInfo [name: default]
2025-05-16T08:35:22.127-03:00  INFO 5788 --- [read-easy-api] [           main] org.hibernate.Version                    : HHH000412: Hibernate ORM core version 6.6.8.Final
2025-05-16T08:35:22.173-03:00  INFO 5788 --- [read-easy-api] [           main] o.h.c.internal.RegionFactoryInitiator    : HHH000026: Second-level cache disabled
2025-05-16T08:35:22.651-03:00  INFO 5788 --- [read-easy-api] [           main] o.s.o.j.p.SpringPersistenceUnitInfo      : No LoadTimeWeaver setup: ignoring JPA class transformer
2025-05-16T08:35:22.705-03:00  WARN 5788 --- [read-easy-api] [           main] org.hibernate.orm.deprecation            : HHH90000025: H2Dialect does not need to be specified explicitly using 'hibernate.dialect' (remove the property setting and it will be selected by default)
2025-05-16T08:35:22.728-03:00  INFO 5788 --- [read-easy-api] [           main] org.hibernate.orm.connections.pooling    : HHH10001005: Database info:
	Database JDBC URL [Connecting through datasource 'HikariDataSource (HikariPool-1)']
	Database driver: undefined/unknown
	Database version: 2.3.232
	Autocommit mode: undefined/unknown
	Isolation level: undefined/unknown
	Minimum pool size: undefined/unknown
	Maximum pool size: undefined/unknown
2025-05-16T08:35:23.744-03:00  INFO 5788 --- [read-easy-api] [           main] o.h.e.t.j.p.i.JtaPlatformInitiator       : HHH000489: No JTA platform available (set 'hibernate.transaction.jta.platform' to enable JTA platform integration)
Hibernate: drop table if exists book cascade 
Hibernate: drop table if exists genre cascade 
Hibernate: drop table if exists users cascade 
Hibernate: create table book (date date, id bigint generated by default as identity, author varchar(255) not null, description varchar(255), title varchar(255) not null, primary key (id))
Hibernate: create table genre (favorite boolean not null, id bigint generated by default as identity, icon varchar(15) not null, name varchar(255) not null, primary key (id))
Hibernate: create table users (email varchar(255) not null unique, id varchar(255) not null, password varchar(255), role enum ('ADMIN','USER'), primary key (id))
2025-05-16T08:35:23.785-03:00  INFO 5788 --- [read-easy-api] [           main] j.LocalContainerEntityManagerFactoryBean : Initialized JPA EntityManagerFactory for persistence unit 'default'
Hibernate: insert into genre (favorite,icon,name,id) values (?,?,?,default)
Hibernate: insert into genre (favorite,icon,name,id) values (?,?,?,default)
Hibernate: insert into genre (favorite,icon,name,id) values (?,?,?,default)
Hibernate: insert into book (author,date,description,title,id) values (?,?,?,?,default)
Hibernate: insert into book (author,date,description,title,id) values (?,?,?,?,default)
Hibernate: insert into users (email,password,role,id) values (?,?,?,?)
Hibernate: insert into users (email,password,role,id) values (?,?,?,?)
2025-05-16T08:35:24.760-03:00  INFO 5788 --- [read-easy-api] [           main] r$InitializeUserDetailsManagerConfigurer : Global AuthenticationManager configured with UserDetailsService bean with name authService
2025-05-16T08:35:25.386-03:00  WARN 5788 --- [read-easy-api] [           main] JpaBaseConfiguration$JpaWebConfiguration : spring.jpa.open-in-view is enabled by default. Therefore, database queries may be performed during view rendering. Explicitly configure spring.jpa.open-in-view to disable this warning
2025-05-16T08:35:26.163-03:00  INFO 5788 --- [read-easy-api] [           main] o.s.b.a.h2.H2ConsoleAutoConfiguration    : H2 console available at '/h2-console'. Database available at 'jdbc:h2:mem:readeasyapi'
2025-05-16T08:35:26.290-03:00  INFO 5788 --- [read-easy-api] [           main] b.c.f.r.ReadEasyApiApplicationTests      : Started ReadEasyApiApplicationTests in 7.307 seconds (process running for 8.456)
]]></system-out>
  </testcase>
</testsuite>